2015-08-25 13:23:39,613 - Loaded System Directive: org.apache.velocity.runtime.directive.Parse
2015-08-25 13:23:39,616 - Loaded System Directive: org.apache.velocity.runtime.directive.Include
2015-08-25 13:23:39,617 - Loaded System Directive: org.apache.velocity.runtime.directive.Foreach
2015-08-25 13:23:39,651 - Created: 20 parsers.
2015-08-25 13:23:39,663 - Velocimacro : initialization starting.
2015-08-25 13:23:39,664 - Velocimacro : adding VMs from VM library template : VM_global_library.vm
2015-08-25 13:23:39,679 - ResourceManager : unable to find resource 'VM_global_library.vm' in any resource loader.
2015-08-25 13:23:39,679 - Velocimacro : error using  VM library template VM_global_library.vm : org.apache.velocity.exception.ResourceNotFoundException: Unable to find resource 'VM_global_library.vm'
2015-08-25 13:23:39,679 - Velocimacro :  VM library template macro registration complete.
2015-08-25 13:23:39,680 - Velocimacro : allowInline = true : VMs can be defined inline in templates
2015-08-25 13:23:39,680 - Velocimacro : allowInlineToOverride = false : VMs defined inline may NOT replace previous VM definitions
2015-08-25 13:23:39,680 - Velocimacro : allowInlineLocal = false : VMs defined inline will be  global in scope if allowed.
2015-08-25 13:23:39,680 - Velocimacro : messages on  : VM system will output logging messages
2015-08-25 13:23:39,680 - Velocimacro : autoload off  : VM system will not automatically reload global library macros
2015-08-25 13:23:39,680 - Velocimacro : initialization complete.
2015-08-25 13:23:39,680 - Velocity successfully started.
2015-08-27 12:51:20,548 - SimpleLog4JLogSystem initialized using logfile 'velocity.log'
2015-08-27 12:51:20,548 - ************************************************************** 
2015-08-27 12:51:20,548 - Starting Jakarta Velocity v1.4
2015-08-27 12:51:20,548 - RuntimeInstance initializing.
2015-08-27 12:51:20,549 - Default Properties File: org\apache\velocity\runtime\defaults\velocity.properties
2015-08-27 12:51:20,549 - Trying to use logger class org.apache.velocity.runtime.log.SimpleLog4JLogSystem
2015-08-27 12:51:20,549 - Using logger class org.apache.velocity.runtime.log.SimpleLog4JLogSystem
2015-08-27 12:51:20,554 - Default ResourceManager initializing. (class org.apache.velocity.runtime.resource.ResourceManagerImpl)
2015-08-27 12:51:20,560 - Resource Loader Instantiated: org.apache.velocity.runtime.resource.loader.ClasspathResourceLoader
2015-08-27 12:51:20,560 - ClasspathResourceLoader : initialization starting.
2015-08-27 12:51:20,560 - ClasspathResourceLoader : initialization complete.
2015-08-27 12:51:20,563 - ResourceCache : initialized. (class org.apache.velocity.runtime.resource.ResourceCacheImpl)
2015-08-27 12:51:20,563 - Default ResourceManager initialization complete.
2015-08-27 12:51:20,570 - Loaded System Directive: org.apache.velocity.runtime.directive.Literal
2015-08-27 12:51:20,573 - Loaded System Directive: org.apache.velocity.runtime.directive.Macro
2015-08-27 12:51:20,578 - Loaded System Directive: org.apache.velocity.runtime.directive.Parse
2015-08-27 12:51:20,581 - Loaded System Directive: org.apache.velocity.runtime.directive.Include
2015-08-27 12:51:20,582 - Loaded System Directive: org.apache.velocity.runtime.directive.Foreach
2015-08-27 12:51:20,616 - Created: 20 parsers.
2015-08-27 12:51:20,628 - Velocimacro : initialization starting.
2015-08-27 12:51:20,628 - Velocimacro : adding VMs from VM library template : VM_global_library.vm
2015-08-27 12:51:20,644 - ResourceManager : unable to find resource 'VM_global_library.vm' in any resource loader.
2015-08-27 12:51:20,644 - Velocimacro : error using  VM library template VM_global_library.vm : org.apache.velocity.exception.ResourceNotFoundException: Unable to find resource 'VM_global_library.vm'
2015-08-27 12:51:20,644 - Velocimacro :  VM library template macro registration complete.
2015-08-27 12:51:20,644 - Velocimacro : allowInline = true : VMs can be defined inline in templates
2015-08-27 12:51:20,644 - Velocimacro : allowInlineToOverride = false : VMs defined inline may NOT replace previous VM definitions
2015-08-27 12:51:20,644 - Velocimacro : allowInlineLocal = false : VMs defined inline will be  global in scope if allowed.
2015-08-27 12:51:20,645 - Velocimacro : messages on  : VM system will output logging messages
2015-08-27 12:51:20,645 - Velocimacro : autoload off  : VM system will not automatically reload global library macros
2015-08-27 12:51:20,645 - Velocimacro : initialization complete.
2015-08-27 12:51:20,645 - Velocity successfully started.
2015-08-28 13:16:44,695 - SimpleLog4JLogSystem initialized using logfile 'velocity.log'
2015-08-28 13:16:44,696 - ************************************************************** 
2015-08-28 13:16:44,696 - Starting Jakarta Velocity v1.4
2015-08-28 13:16:44,696 - RuntimeInstance initializing.
2015-08-28 13:16:44,696 - Default Properties File: org\apache\velocity\runtime\defaults\velocity.properties
2015-08-28 13:16:44,696 - Trying to use logger class org.apache.velocity.runtime.log.SimpleLog4JLogSystem
2015-08-28 13:16:44,696 - Using logger class org.apache.velocity.runtime.log.SimpleLog4JLogSystem
2015-08-28 13:16:44,701 - Default ResourceManager initializing. (class org.apache.velocity.runtime.resource.ResourceManagerImpl)
2015-08-28 13:16:44,706 - Resource Loader Instantiated: org.apache.velocity.runtime.resource.loader.ClasspathResourceLoader
2015-08-28 13:16:44,706 - ClasspathResourceLoader : initialization starting.
2015-08-28 13:16:44,706 - ClasspathResourceLoader : initialization complete.
2015-08-28 13:16:44,710 - ResourceCache : initialized. (class org.apache.velocity.runtime.resource.ResourceCacheImpl)
2015-08-28 13:16:44,710 - Default ResourceManager initialization complete.
2015-08-28 13:16:44,717 - Loaded System Directive: org.apache.velocity.runtime.directive.Literal
2015-08-28 13:16:44,720 - Loaded System Directive: org.apache.velocity.runtime.directive.Macro
2015-08-28 13:16:44,725 - Loaded System Directive: org.apache.velocity.runtime.directive.Parse
2015-08-28 13:16:44,746 - Loaded System Directive: org.apache.velocity.runtime.directive.Include
2015-08-28 13:16:44,748 - Loaded System Directive: org.apache.velocity.runtime.directive.Foreach
2015-08-28 13:16:44,790 - Created: 20 parsers.
2015-08-28 13:16:44,804 - Velocimacro : initialization starting.
2015-08-28 13:16:44,804 - Velocimacro : adding VMs from VM library template : VM_global_library.vm
2015-08-28 13:16:44,820 - ResourceManager : unable to find resource 'VM_global_library.vm' in any resource loader.
2015-08-28 13:16:44,820 - Velocimacro : error using  VM library template VM_global_library.vm : org.apache.velocity.exception.ResourceNotFoundException: Unable to find resource 'VM_global_library.vm'
2015-08-28 13:16:44,820 - Velocimacro :  VM library template macro registration complete.
2015-08-28 13:16:44,820 - Velocimacro : allowInline = true : VMs can be defined inline in templates
2015-08-28 13:16:44,821 - Velocimacro : allowInlineToOverride = false : VMs defined inline may NOT replace previous VM definitions
2015-08-28 13:16:44,821 - Velocimacro : allowInlineLocal = false : VMs defined inline will be  global in scope if allowed.
2015-08-28 13:16:44,821 - Velocimacro : messages on  : VM system will output logging messages
2015-08-28 13:16:44,821 - Velocimacro : autoload off  : VM system will not automatically reload global library macros
2015-08-28 13:16:44,821 - Velocimacro : initialization complete.
2015-08-28 13:16:44,821 - Velocity successfully started.
2015-08-28 13:17:35,561 - SimpleLog4JLogSystem initialized using logfile 'velocity.log'
2015-08-28 13:17:35,561 - ************************************************************** 
2015-08-28 13:17:35,561 - Starting Jakarta Velocity v1.4
2015-08-28 13:17:35,561 - RuntimeInstance initializing.
2015-08-28 13:17:35,561 - Default Properties File: org\apache\velocity\runtime\defaults\velocity.properties
2015-08-28 13:17:35,561 - Trying to use logger class org.apache.velocity.runtime.log.SimpleLog4JLogSystem
2015-08-28 13:17:35,561 - Using logger class org.apache.velocity.runtime.log.SimpleLog4JLogSystem
2015-08-28 13:17:35,566 - Default ResourceManager initializing. (class org.apache.velocity.runtime.resource.ResourceManagerImpl)
2015-08-28 13:17:35,570 - Resource Loader Instantiated: org.apache.velocity.runtime.resource.loader.ClasspathResourceLoader
2015-08-28 13:17:35,571 - ClasspathResourceLoader : initialization starting.
2015-08-28 13:17:35,571 - ClasspathResourceLoader : initialization complete.
2015-08-28 13:17:35,573 - ResourceCache : initialized. (class org.apache.velocity.runtime.resource.ResourceCacheImpl)
2015-08-28 13:17:35,573 - Default ResourceManager initialization complete.
2015-08-28 13:17:35,581 - Loaded System Directive: org.apache.velocity.runtime.directive.Literal
2015-08-28 13:17:35,584 - Loaded System Directive: org.apache.velocity.runtime.directive.Macro
2015-08-28 13:17:35,588 - Loaded System Directive: org.apache.velocity.runtime.directive.Parse
2015-08-28 13:17:35,591 - Loaded System Directive: org.apache.velocity.runtime.directive.Include
2015-08-28 13:17:35,593 - Loaded System Directive: org.apache.velocity.runtime.directive.Foreach
2015-08-28 13:17:35,626 - Created: 20 parsers.
2015-08-28 13:17:35,639 - Velocimacro : initialization starting.
2015-08-28 13:17:35,639 - Velocimacro : adding VMs from VM library template : VM_global_library.vm
2015-08-28 13:17:35,655 - ResourceManager : unable to find resource 'VM_global_library.vm' in any resource loader.
2015-08-28 13:17:35,655 - Velocimacro : error using  VM library template VM_global_library.vm : org.apache.velocity.exception.ResourceNotFoundException: Unable to find resource 'VM_global_library.vm'
2015-08-28 13:17:35,655 - Velocimacro :  VM library template macro registration complete.
2015-08-28 13:17:35,655 - Velocimacro : allowInline = true : VMs can be defined inline in templates
2015-08-28 13:17:35,655 - Velocimacro : allowInlineToOverride = false : VMs defined inline may NOT replace previous VM definitions
2015-08-28 13:17:35,655 - Velocimacro : allowInlineLocal = false : VMs defined inline will be  global in scope if allowed.
2015-08-28 13:17:35,655 - Velocimacro : messages on  : VM system will output logging messages
2015-08-28 13:17:35,656 - Velocimacro : autoload off  : VM system will not automatically reload global library macros
2015-08-28 13:17:35,656 - Velocimacro : initialization complete.
2015-08-28 13:17:35,656 - Velocity successfully started.
2015-08-28 13:18:29,826 - SimpleLog4JLogSystem initialized using logfile 'velocity.log'
2015-08-28 13:18:29,826 - ************************************************************** 
2015-08-28 13:18:29,826 - Starting Jakarta Velocity v1.4
2015-08-28 13:18:29,826 - RuntimeInstance initializing.
2015-08-28 13:18:29,826 - Default Properties File: org\apache\velocity\runtime\defaults\velocity.properties
2015-08-28 13:18:29,826 - Trying to use logger class org.apache.velocity.runtime.log.SimpleLog4JLogSystem
2015-08-28 13:18:29,826 - Using logger class org.apache.velocity.runtime.log.SimpleLog4JLogSystem
2015-08-28 13:18:29,831 - Default ResourceManager initializing. (class org.apache.velocity.runtime.resource.ResourceManagerImpl)
2015-08-28 13:18:29,835 - Resource Loader Instantiated: org.apache.velocity.runtime.resource.loader.ClasspathResourceLoader
2015-08-28 13:18:29,835 - ClasspathResourceLoader : initialization starting.
2015-08-28 13:18:29,835 - ClasspathResourceLoader : initialization complete.
2015-08-28 13:18:29,838 - ResourceCache : initialized. (class org.apache.velocity.runtime.resource.ResourceCacheImpl)
2015-08-28 13:18:29,838 - Default ResourceManager initialization complete.
2015-08-28 13:18:29,845 - Loaded System Directive: org.apache.velocity.runtime.directive.Literal
2015-08-28 13:18:29,848 - Loaded System Directive: org.apache.velocity.runtime.directive.Macro
2015-08-28 13:18:29,853 - Loaded System Directive: org.apache.velocity.runtime.directive.Parse
2015-08-28 13:18:29,856 - Loaded System Directive: org.apache.velocity.runtime.directive.Include
2015-08-28 13:18:29,857 - Loaded System Directive: org.apache.velocity.runtime.directive.Foreach
2015-08-28 13:18:29,891 - Created: 20 parsers.
2015-08-28 13:18:29,903 - Velocimacro : initialization starting.
2015-08-28 13:18:29,903 - Velocimacro : adding VMs from VM library template : VM_global_library.vm
2015-08-28 13:18:29,919 - ResourceManager : unable to find resource 'VM_global_library.vm' in any resource loader.
2015-08-28 13:18:29,919 - Velocimacro : error using  VM library template VM_global_library.vm : org.apache.velocity.exception.ResourceNotFoundException: Unable to find resource 'VM_global_library.vm'
2015-08-28 13:18:29,919 - Velocimacro :  VM library template macro registration complete.
2015-08-28 13:18:29,919 - Velocimacro : allowInline = true : VMs can be defined inline in templates
2015-08-28 13:18:29,919 - Velocimacro : allowInlineToOverride = false : VMs defined inline may NOT replace previous VM definitions
2015-08-28 13:18:29,919 - Velocimacro : allowInlineLocal = false : VMs defined inline will be  global in scope if allowed.
2015-08-28 13:18:29,919 - Velocimacro : messages on  : VM system will output logging messages
2015-08-28 13:18:29,919 - Velocimacro : autoload off  : VM system will not automatically reload global library macros
2015-08-28 13:18:29,919 - Velocimacro : initialization complete.
2015-08-28 13:18:29,919 - Velocity successfully started.
